Directives
Filters
UI Routers
---------------------------------
Learned services and how to share content with controller.

Homework 8/4/2015:
google -> angular service read it.
-------------------------------------------
date : 4/10/2015
1) Filters: string and list filters
Read about routers and directives for the next day.
-------------------------------------------
date : 4/15/2015
UI Routes:
SPA-
ngRoute-
-------------------------------------------
date : 4/17/2015
bootstrap
http://www.layoutit.com/build?r=30122950 : to build bootstrap applications on fast track.